Build started 10/19/2014 7:05:45 PM.
     1>Project "F:\aieprojects\SpaceInvaders - Copy\AIE Year1 Framework VS2013\AIE Template.vcxproj" on node 2 (Build target(s)).
     1>ClCompile:
         C:\Program Files (x86)\Microsoft Visual Studio 12.0\VC\bin\CL.exe /c /I./ /I./include/ /ZI /nologo /W3 /WX- /Od /Oy- /D WIN32 /D _DEBUG /D _WINDOWS /D _MBCS /Gm /EHsc /RTC1 /MDd /GS /fp:precise /Zc:wchar_t /Zc:forScope /Fo"obj\\" /Fd"obj\vc120.pdb" /Gd /TP /analyze- /errorReport:prompt Background.cpp
         Background.cpp
     1>f:\aieprojects\spaceinvaders - copy\aie year1 framework vs2013\background.cpp(10): warning C4305: 'initializing' : truncation from 'double' to 'const float'
     1>f:\aieprojects\spaceinvaders - copy\aie year1 framework vs2013\background.cpp(11): warning C4305: 'initializing' : truncation from 'double' to 'const float'
     1>f:\aieprojects\spaceinvaders - copy\aie year1 framework vs2013\background.cpp(65): warning C4244: 'argument' : conversion from 'const float' to 'int', possible loss of data
     1>f:\aieprojects\spaceinvaders - copy\aie year1 framework vs2013\background.cpp(122): warning C4244: 'argument' : conversion from 'int' to 'float', possible loss of data
       Link:
         C:\Program Files (x86)\Microsoft Visual Studio 12.0\VC\bin\link.exe /ERRORREPORT:PROMPT /OUT:"bin\AIE Template_d.exe" /INCREMENTAL /NOLOGO /LIBPATH:./libs AIE_1st_Year_Framework_d.lib kernel32.lib kernel32.lib user32.lib gdi32.lib winspool.lib comdlg32.lib advapi32.lib shell32.lib ole32.lib oleaut32.lib uuid.lib odbc32.lib odbccp32.lib /MANIFEST /MANIFESTUAC:"level='asInvoker' uiAccess='false'" /manifest:embed /DEBUG /PDB:"bin\AIE Template_d.pdb" /TLBID:1 /DYNAMICBASE /NXCOMPAT /IMPLIB:"bin\AIE Template_d.lib" /MACHINE:X86 obj\Background.obj
         obj\Bullet.obj
         obj\Enemy.obj
         obj\EnemyBullet.obj
         obj\Entity.obj
         obj\Explosion.obj
         obj\Formation.obj
         obj\Player.obj
         obj\PowerUp.obj
         obj\main.obj
         obj\StateManager.obj
         obj\Vector2D.obj
         AIE_1st_Year_Framework_d.lib(SOIL.obj) : MSIL .netmodule or module compiled with /GL found; restarting link with /LTCG; add /LTCG to the link command line to improve linker performance
     1>LINK : warning LNK4075: ignoring '/INCREMENTAL' due to '/LTCG' specification
     1>Background.obj : warning LNK4075: ignoring '/EDITANDCONTINUE' due to '/OPT:LBR' specification
     1>LINK : warning LNK4098: defaultlib 'LIBCMT' conflicts with use of other libs; use /NODEFAULTLIB:library
     1>LINK : warning LNK4098: defaultlib 'MSVCRT' conflicts with use of other libs; use /NODEFAULTLIB:library
         Generating code
         Finished generating code
     1>AIE_1st_Year_Framework_d.lib(SOIL.obj) : warning LNK4099: PDB 'vc110.pdb' was not found with 'AIE_1st_Year_Framework_d.lib(SOIL.obj)' or at 'F:\aieprojects\SpaceInvaders - Copy\AIE Year1 Framework VS2013\bin\vc110.pdb'; linking object as if no debug info
     1>AIE_1st_Year_Framework_d.lib(stb_image_aug.obj) : warning LNK4099: PDB 'vc110.pdb' was not found with 'AIE_1st_Year_Framework_d.lib(stb_image_aug.obj)' or at 'F:\aieprojects\SpaceInvaders - Copy\AIE Year1 Framework VS2013\bin\vc110.pdb'; linking object as if no debug info
     1>AIE_1st_Year_Framework_d.lib(image_helper.obj) : warning LNK4099: PDB 'vc110.pdb' was not found with 'AIE_1st_Year_Framework_d.lib(image_helper.obj)' or at 'F:\aieprojects\SpaceInvaders - Copy\AIE Year1 Framework VS2013\bin\vc110.pdb'; linking object as if no debug info
     1>AIE_1st_Year_Framework_d.lib(image_DXT.obj) : warning LNK4099: PDB 'vc110.pdb' was not found with 'AIE_1st_Year_Framework_d.lib(image_DXT.obj)' or at 'F:\aieprojects\SpaceInvaders - Copy\AIE Year1 Framework VS2013\bin\vc110.pdb'; linking object as if no debug info
     1>AIE_1st_Year_Framework_d.lib(tinystr.obj) : warning LNK4099: PDB 'vc120.pdb' was not found with 'AIE_1st_Year_Framework_d.lib(tinystr.obj)' or at 'F:\aieprojects\SpaceInvaders - Copy\AIE Year1 Framework VS2013\bin\vc120.pdb'; linking object as if no debug info
     1>AIE_1st_Year_Framework_d.lib(tinyxml.obj) : warning LNK4099: PDB 'vc120.pdb' was not found with 'AIE_1st_Year_Framework_d.lib(tinyxml.obj)' or at 'F:\aieprojects\SpaceInvaders - Copy\AIE Year1 Framework VS2013\bin\vc120.pdb'; linking object as if no debug info
     1>AIE_1st_Year_Framework_d.lib(tinyxmlerror.obj) : warning LNK4099: PDB 'vc120.pdb' was not found with 'AIE_1st_Year_Framework_d.lib(tinyxmlerror.obj)' or at 'F:\aieprojects\SpaceInvaders - Copy\AIE Year1 Framework VS2013\bin\vc120.pdb'; linking object as if no debug info
     1>AIE_1st_Year_Framework_d.lib(tinyxmlHelper.obj) : warning LNK4099: PDB 'vc120.pdb' was not found with 'AIE_1st_Year_Framework_d.lib(tinyxmlHelper.obj)' or at 'F:\aieprojects\SpaceInvaders - Copy\AIE Year1 Framework VS2013\bin\vc120.pdb'; linking object as if no debug info
     1>AIE_1st_Year_Framework_d.lib(tinyxmlparser.obj) : warning LNK4099: PDB 'vc120.pdb' was not found with 'AIE_1st_Year_Framework_d.lib(tinyxmlparser.obj)' or at 'F:\aieprojects\SpaceInvaders - Copy\AIE Year1 Framework VS2013\bin\vc120.pdb'; linking object as if no debug info
     1>AIE_1st_Year_Framework_d.lib(AIE.obj) : warning LNK4099: PDB 'vc120.pdb' was not found with 'AIE_1st_Year_Framework_d.lib(AIE.obj)' or at 'F:\aieprojects\SpaceInvaders - Copy\AIE Year1 Framework VS2013\bin\vc120.pdb'; linking object as if no debug info
     1>AIE_1st_Year_Framework_d.lib(AIE_Framework.obj) : warning LNK4099: PDB 'vc120.pdb' was not found with 'AIE_1st_Year_Framework_d.lib(AIE_Framework.obj)' or at 'F:\aieprojects\SpaceInvaders - Copy\AIE Year1 Framework VS2013\bin\vc120.pdb'; linking object as if no debug info
     1>AIE_1st_Year_Framework_d.lib(BasicSprite.obj) : warning LNK4099: PDB 'vc120.pdb' was not found with 'AIE_1st_Year_Framework_d.lib(BasicSprite.obj)' or at 'F:\aieprojects\SpaceInvaders - Copy\AIE Year1 Framework VS2013\bin\vc120.pdb'; linking object as if no debug info
     1>AIE_1st_Year_Framework_d.lib(Font.obj) : warning LNK4099: PDB 'vc120.pdb' was not found with 'AIE_1st_Year_Framework_d.lib(Font.obj)' or at 'F:\aieprojects\SpaceInvaders - Copy\AIE Year1 Framework VS2013\bin\vc120.pdb'; linking object as if no debug info
     1>AIE_1st_Year_Framework_d.lib(FontManager.obj) : warning LNK4099: PDB 'vc120.pdb' was not found with 'AIE_1st_Year_Framework_d.lib(FontManager.obj)' or at 'F:\aieprojects\SpaceInvaders - Copy\AIE Year1 Framework VS2013\bin\vc120.pdb'; linking object as if no debug info
     1>AIE_1st_Year_Framework_d.lib(Gizmos.obj) : warning LNK4099: PDB 'vc120.pdb' was not found with 'AIE_1st_Year_Framework_d.lib(Gizmos.obj)' or at 'F:\aieprojects\SpaceInvaders - Copy\AIE Year1 Framework VS2013\bin\vc120.pdb'; linking object as if no debug info
     1>AIE_1st_Year_Framework_d.lib(SpriteManager.obj) : warning LNK4099: PDB 'vc120.pdb' was not found with 'AIE_1st_Year_Framework_d.lib(SpriteManager.obj)' or at 'F:\aieprojects\SpaceInvaders - Copy\AIE Year1 Framework VS2013\bin\vc120.pdb'; linking object as if no debug info
     1>AIE_1st_Year_Framework_d.lib(strHandler.obj) : warning LNK4099: PDB 'vc120.pdb' was not found with 'AIE_1st_Year_Framework_d.lib(strHandler.obj)' or at 'F:\aieprojects\SpaceInvaders - Copy\AIE Year1 Framework VS2013\bin\vc120.pdb'; linking object as if no debug info
     1>AIE_1st_Year_Framework_d.lib(Texture.obj) : warning LNK4099: PDB 'vc120.pdb' was not found with 'AIE_1st_Year_Framework_d.lib(Texture.obj)' or at 'F:\aieprojects\SpaceInvaders - Copy\AIE Year1 Framework VS2013\bin\vc120.pdb'; linking object as if no debug info
     1>AIE_1st_Year_Framework_d.lib(TextureManager.obj) : warning LNK4099: PDB 'vc120.pdb' was not found with 'AIE_1st_Year_Framework_d.lib(TextureManager.obj)' or at 'F:\aieprojects\SpaceInvaders - Copy\AIE Year1 Framework VS2013\bin\vc120.pdb'; linking object as if no debug info
     1>AIE_1st_Year_Framework_d.lib(Utilities.obj) : warning LNK4099: PDB 'vc120.pdb' was not found with 'AIE_1st_Year_Framework_d.lib(Utilities.obj)' or at 'F:\aieprojects\SpaceInvaders - Copy\AIE Year1 Framework VS2013\bin\vc120.pdb'; linking object as if no debug info
     1>AIE_1st_Year_Framework_d.lib(glew.obj) : warning LNK4099: PDB 'vc100.pdb' was not found with 'AIE_1st_Year_Framework_d.lib(glew.obj)' or at 'F:\aieprojects\SpaceInvaders - Copy\AIE Year1 Framework VS2013\bin\vc100.pdb'; linking object as if no debug info
         AIE Template.vcxproj -> F:\aieprojects\SpaceInvaders - Copy\AIE Year1 Framework VS2013\bin\AIE Template_d.exe
     1>Done Building Project "F:\aieprojects\SpaceInvaders - Copy\AIE Year1 Framework VS2013\AIE Template.vcxproj" (Build target(s)).

Build succeeded.

Time Elapsed 00:00:09.19
